[20:56:38.081] Global cache location '/home/niamh/.cache/typescript/4.4', safe file path '/home/niamh/.emacs.d/.local/etc/lsp/npm/typescript/lib/node_modules/typescript/lib/typingSafeList.json', types map path /home/niamh/.emacs.d/.local/etc/lsp/npm/typescript/lib/node_modules/typescript/lib/typesMap.json
[20:56:38.082] Processing cache location '/home/niamh/.cache/typescript/4.4'
[20:56:38.082] Trying to find '/home/niamh/.cache/typescript/4.4/package.json'...
[20:56:38.083] Loaded content of '/home/niamh/.cache/typescript/4.4/package.json': {"private":true,"dependencies":{"types-registry":"^0.1.564"},"devDependencies":{"@types/accepts":"^1.3.5","@types/arr-diff":"^4.0.0","@types/arr-union":"^3.1.0","@types/array-unique":"^0.3.0","@types/atob":"^2.1.2","@types/basic-auth":"^1.1.3","@types/bcryptjs":"^2.4.2","@types/braces":"^3.0.1","@types/component-emitter":"^1.2.11","@types/connect":"^3.4.35","@types/cors":"^2.8.12","@types/debug":"^4.1.7","@types/decode-uri-component":"^0.2.0","@types/depd":"^1.1.32","@types/destroy":"^1.0.0","@types/ee-first":"^1.1.0","@types/encodeurl":"^1.0.0","@types/escape-html":"^1.0.1","@types/etag":"^1.8.1","@types/event-stream":"^3.3.34","@types/finalhandler":"^1.1.1","@types/fresh":"^0.5.0","@types/from":"^0.1.29","@types/get-value":"^3.0.2","@types/glob-parent":"^5.1.1","@types/graceful-fs":"^4.1.5","@types/http-auth":"^4.1.1","@types/http-errors":"^1.8.1","@types/inherits":"^0.0.30","@types/is-buffer":"^2.0.0","@types/is-glob":"^4.0.2","@types/is-number":"^7.0.1","@types/is-windows":"^1.0.0","@types/isarray":"^2.0.0","@types/kind-of":"^6.0.0","@types/live-server":"^1.2.1","@types/micromatch":"^4.0.2","@types/mime":"^2.0.3","@types/mime-db":"^1.43.1","@types/mime-types":"^2.1.1","@types/morgan":"^1.9.3","@types/ms":"^0.7.31","@types/negotiator":"^0.6.1","@types/normalize-path":"^3.0.0","@types/object-assign":"^4.0.30","@types/object.pick":"^1.3.1","@types/on-finished":"^2.3.1","@types/on-headers":"^1.0.0","@types/parseurl":"^1.3.1","@types/pascalcase":"^1.0.1","@types/path-is-absolute":"^1.0.0","@types/range-parser":"^1.2.4","@types/readable-stream":"^2.3.11","@types/repeat-element":"^1.1.0","@types/repeat-string":"^1.6.2","@types/safe-regex":"^1.1.3","@types/send":"^0.17.1","@types/serve-index":"^1.9.1","@types/set-value":"^4.0.1","@types/split":"^1.0.0","@types/statuses":"^2.0.0","@types/through":"^0.0.30","@types/to-regex":"^3.0.0","@types/urix":"^0.1.0","@types/util-deprecate":"^1.0.0","@types/utils-merge":"^0.0.28","@types/uuid":"^8.3.1","@types/vary":"^1.1.0"}}
[20:56:38.083] Loaded content of '/home/niamh/.cache/typescript/4.4/package-lock.json'
[20:56:38.090] Adding entry into typings cache: 'accepts' => '/home/niamh/.cache/typescript/4.4/node_modules/@types/accepts/index.d.ts'
[20:56:38.091] Adding entry into typings cache: 'arr-diff' => '/home/niamh/.cache/typescript/4.4/node_modules/@types/arr-diff/index.d.ts'
[20:56:38.092] Adding entry into typings cache: 'arr-union' => '/home/niamh/.cache/typescript/4.4/node_modules/@types/arr-union/index.d.ts'
[20:56:38.093] Adding entry into typings cache: 'array-unique' => '/home/niamh/.cache/typescript/4.4/node_modules/@types/array-unique/index.d.ts'
[20:56:38.093] Adding entry into typings cache: 'atob' => '/home/niamh/.cache/typescript/4.4/node_modules/@types/atob/index.d.ts'
[20:56:38.094] Adding entry into typings cache: 'basic-auth' => '/home/niamh/.cache/typescript/4.4/node_modules/@types/basic-auth/index.d.ts'
[20:56:38.095] Adding entry into typings cache: 'bcryptjs' => '/home/niamh/.cache/typescript/4.4/node_modules/@types/bcryptjs/index.d.ts'
[20:56:38.096] Adding entry into typings cache: 'braces' => '/home/niamh/.cache/typescript/4.4/node_modules/@types/braces/index.d.ts'
[20:56:38.097] Adding entry into typings cache: 'component-emitter' => '/home/niamh/.cache/typescript/4.4/node_modules/@types/component-emitter/index.d.ts'
[20:56:38.098] Adding entry into typings cache: 'connect' => '/home/niamh/.cache/typescript/4.4/node_modules/@types/connect/index.d.ts'
[20:56:38.099] Adding entry into typings cache: 'cors' => '/home/niamh/.cache/typescript/4.4/node_modules/@types/cors/index.d.ts'
[20:56:38.100] Adding entry into typings cache: 'debug' => '/home/niamh/.cache/typescript/4.4/node_modules/@types/debug/index.d.ts'
[20:56:38.101] Adding entry into typings cache: 'decode-uri-component' => '/home/niamh/.cache/typescript/4.4/node_modules/@types/decode-uri-component/index.d.ts'
[20:56:38.102] Adding entry into typings cache: 'depd' => '/home/niamh/.cache/typescript/4.4/node_modules/@types/depd/index.d.ts'
[20:56:38.102] Adding entry into typings cache: 'destroy' => '/home/niamh/.cache/typescript/4.4/node_modules/@types/destroy/index.d.ts'
[20:56:38.103] Adding entry into typings cache: 'ee-first' => '/home/niamh/.cache/typescript/4.4/node_modules/@types/ee-first/index.d.ts'
[20:56:38.103] Adding entry into typings cache: 'encodeurl' => '/home/niamh/.cache/typescript/4.4/node_modules/@types/encodeurl/index.d.ts'
[20:56:38.104] Adding entry into typings cache: 'escape-html' => '/home/niamh/.cache/typescript/4.4/node_modules/@types/escape-html/index.d.ts'
[20:56:38.105] Adding entry into typings cache: 'etag' => '/home/niamh/.cache/typescript/4.4/node_modules/@types/etag/index.d.ts'
[20:56:38.106] Adding entry into typings cache: 'event-stream' => '/home/niamh/.cache/typescript/4.4/node_modules/@types/event-stream/index.d.ts'
[20:56:38.106] Adding entry into typings cache: 'finalhandler' => '/home/niamh/.cache/typescript/4.4/node_modules/@types/finalhandler/index.d.ts'
[20:56:38.107] Adding entry into typings cache: 'fresh' => '/home/niamh/.cache/typescript/4.4/node_modules/@types/fresh/index.d.ts'
[20:56:38.107] Adding entry into typings cache: 'from' => '/home/niamh/.cache/typescript/4.4/node_modules/@types/from/index.d.ts'
[20:56:38.108] Adding entry into typings cache: 'get-value' => '/home/niamh/.cache/typescript/4.4/node_modules/@types/get-value/index.d.ts'
[20:56:38.108] Adding entry into typings cache: 'glob-parent' => '/home/niamh/.cache/typescript/4.4/node_modules/@types/glob-parent/index.d.ts'
[20:56:38.109] Adding entry into typings cache: 'graceful-fs' => '/home/niamh/.cache/typescript/4.4/node_modules/@types/graceful-fs/index.d.ts'
[20:56:38.110] Adding entry into typings cache: 'http-auth' => '/home/niamh/.cache/typescript/4.4/node_modules/@types/http-auth/index.d.ts'
[20:56:38.111] Adding entry into typings cache: 'http-errors' => '/home/niamh/.cache/typescript/4.4/node_modules/@types/http-errors/index.d.ts'
[20:56:38.111] Adding entry into typings cache: 'inherits' => '/home/niamh/.cache/typescript/4.4/node_modules/@types/inherits/index.d.ts'
[20:56:38.112] Adding entry into typings cache: 'is-buffer' => '/home/niamh/.cache/typescript/4.4/node_modules/@types/is-buffer/index.d.ts'
[20:56:38.112] Adding entry into typings cache: 'is-glob' => '/home/niamh/.cache/typescript/4.4/node_modules/@types/is-glob/index.d.ts'
[20:56:38.112] Adding entry into typings cache: 'is-number' => '/home/niamh/.cache/typescript/4.4/node_modules/@types/is-number/index.d.ts'
[20:56:38.113] Adding entry into typings cache: 'is-windows' => '/home/niamh/.cache/typescript/4.4/node_modules/@types/is-windows/index.d.ts'
[20:56:38.113] Adding entry into typings cache: 'isarray' => '/home/niamh/.cache/typescript/4.4/node_modules/@types/isarray/index.d.ts'
[20:56:38.114] Adding entry into typings cache: 'kind-of' => '/home/niamh/.cache/typescript/4.4/node_modules/@types/kind-of/index.d.ts'
[20:56:38.114] Adding entry into typings cache: 'live-server' => '/home/niamh/.cache/typescript/4.4/node_modules/@types/live-server/index.d.ts'
[20:56:38.115] Adding entry into typings cache: 'micromatch' => '/home/niamh/.cache/typescript/4.4/node_modules/@types/micromatch/index.d.ts'
[20:56:38.115] Adding entry into typings cache: 'mime' => '/home/niamh/.cache/typescript/4.4/node_modules/@types/mime/index.d.ts'
[20:56:38.116] Adding entry into typings cache: 'mime-db' => '/home/niamh/.cache/typescript/4.4/node_modules/@types/mime-db/index.d.ts'
[20:56:38.116] Adding entry into typings cache: 'mime-types' => '/home/niamh/.cache/typescript/4.4/node_modules/@types/mime-types/index.d.ts'
[20:56:38.117] Adding entry into typings cache: 'morgan' => '/home/niamh/.cache/typescript/4.4/node_modules/@types/morgan/index.d.ts'
[20:56:38.118] Adding entry into typings cache: 'ms' => '/home/niamh/.cache/typescript/4.4/node_modules/@types/ms/index.d.ts'
[20:56:38.118] Adding entry into typings cache: 'negotiator' => '/home/niamh/.cache/typescript/4.4/node_modules/@types/negotiator/index.d.ts'
[20:56:38.119] Adding entry into typings cache: 'normalize-path' => '/home/niamh/.cache/typescript/4.4/node_modules/@types/normalize-path/index.d.ts'
[20:56:38.119] Adding entry into typings cache: 'object-assign' => '/home/niamh/.cache/typescript/4.4/node_modules/@types/object-assign/index.d.ts'
[20:56:38.120] Adding entry into typings cache: 'object.pick' => '/home/niamh/.cache/typescript/4.4/node_modules/@types/object.pick/index.d.ts'
[20:56:38.120] Adding entry into typings cache: 'on-finished' => '/home/niamh/.cache/typescript/4.4/node_modules/@types/on-finished/index.d.ts'
[20:56:38.121] Adding entry into typings cache: 'on-headers' => '/home/niamh/.cache/typescript/4.4/node_modules/@types/on-headers/index.d.ts'
[20:56:38.121] Adding entry into typings cache: 'parseurl' => '/home/niamh/.cache/typescript/4.4/node_modules/@types/parseurl/index.d.ts'
[20:56:38.121] Adding entry into typings cache: 'pascalcase' => '/home/niamh/.cache/typescript/4.4/node_modules/@types/pascalcase/index.d.ts'
[20:56:38.122] Adding entry into typings cache: 'path-is-absolute' => '/home/niamh/.cache/typescript/4.4/node_modules/@types/path-is-absolute/index.d.ts'
[20:56:38.122] Adding entry into typings cache: 'range-parser' => '/home/niamh/.cache/typescript/4.4/node_modules/@types/range-parser/index.d.ts'
[20:56:38.123] Adding entry into typings cache: 'readable-stream' => '/home/niamh/.cache/typescript/4.4/node_modules/@types/readable-stream/index.d.ts'
[20:56:38.123] Adding entry into typings cache: 'repeat-element' => '/home/niamh/.cache/typescript/4.4/node_modules/@types/repeat-element/index.d.ts'
[20:56:38.124] Adding entry into typings cache: 'repeat-string' => '/home/niamh/.cache/typescript/4.4/node_modules/@types/repeat-string/index.d.ts'
[20:56:38.124] Adding entry into typings cache: 'safe-regex' => '/home/niamh/.cache/typescript/4.4/node_modules/@types/safe-regex/index.d.ts'
[20:56:38.125] Adding entry into typings cache: 'send' => '/home/niamh/.cache/typescript/4.4/node_modules/@types/send/index.d.ts'
[20:56:38.125] Adding entry into typings cache: 'serve-index' => '/home/niamh/.cache/typescript/4.4/node_modules/@types/serve-index/index.d.ts'
[20:56:38.126] Adding entry into typings cache: 'set-value' => '/home/niamh/.cache/typescript/4.4/node_modules/@types/set-value/index.d.ts'
[20:56:38.126] Adding entry into typings cache: 'split' => '/home/niamh/.cache/typescript/4.4/node_modules/@types/split/index.d.ts'
[20:56:38.126] Adding entry into typings cache: 'statuses' => '/home/niamh/.cache/typescript/4.4/node_modules/@types/statuses/index.d.ts'
[20:56:38.127] Adding entry into typings cache: 'through' => '/home/niamh/.cache/typescript/4.4/node_modules/@types/through/index.d.ts'
[20:56:38.127] Adding entry into typings cache: 'to-regex' => '/home/niamh/.cache/typescript/4.4/node_modules/@types/to-regex/index.d.ts'
[20:56:38.128] Adding entry into typings cache: 'urix' => '/home/niamh/.cache/typescript/4.4/node_modules/@types/urix/index.d.ts'
[20:56:38.128] Adding entry into typings cache: 'util-deprecate' => '/home/niamh/.cache/typescript/4.4/node_modules/@types/util-deprecate/index.d.ts'
[20:56:38.129] Adding entry into typings cache: 'utils-merge' => '/home/niamh/.cache/typescript/4.4/node_modules/@types/utils-merge/index.d.ts'
[20:56:38.129] Adding entry into typings cache: 'uuid' => '/home/niamh/.cache/typescript/4.4/node_modules/@types/uuid/index.d.ts'
[20:56:38.130] Adding entry into typings cache: 'vary' => '/home/niamh/.cache/typescript/4.4/node_modules/@types/vary/index.d.ts'
[20:56:38.130] Finished processing cache location '/home/niamh/.cache/typescript/4.4'
[20:56:38.130] Process id: 17971
[20:56:38.130] NPM location: /usr/bin/npm (explicit '--npmLocation' not  provided)
[20:56:38.130] validateDefaultNpmLocation: false
[20:56:38.130] Npm config file: /home/niamh/.cache/typescript/4.4/package.json
[20:56:38.130] Updating types-registry npm package...
[20:56:38.130] Exec: /usr/bin/npm install --ignore-scripts types-registry@latest
[20:56:39.196]     Succeeded. stdout:
    
    up to date, audited 79 packages in 987ms

1 package is looking for funding
  run `npm fund` for details

found 0 vulnerabilities

[20:56:39.196] Updated types-registry npm package
[20:56:39.217] Got install request {"projectName":"/dev/null/inferredProject1*","fileNames":["/home/niamh/.emacs.d/.local/etc/lsp/npm/typescript/lib/node_modules/typescript/lib/lib.es5.d.ts","/home/niamh/.emacs.d/.local/etc/lsp/npm/typescript/lib/node_modules/typescript/lib/lib.es2015.d.ts","/home/niamh/.emacs.d/.local/etc/lsp/npm/typescript/lib/node_modules/typescript/lib/lib.es2016.d.ts","/home/niamh/.emacs.d/.local/etc/lsp/npm/typescript/lib/node_modules/typescript/lib/lib.dom.d.ts","/home/niamh/.emacs.d/.local/etc/lsp/npm/typescript/lib/node_modules/typescript/lib/lib.dom.iterable.d.ts","/home/niamh/.emacs.d/.local/etc/lsp/npm/typescript/lib/node_modules/typescript/lib/lib.webworker.importscripts.d.ts","/home/niamh/.emacs.d/.local/etc/lsp/npm/typescript/lib/node_modules/typescript/lib/lib.scripthost.d.ts","/home/niamh/.emacs.d/.local/etc/lsp/npm/typescript/lib/node_modules/typescript/lib/lib.es2015.core.d.ts","/home/niamh/.emacs.d/.local/etc/lsp/npm/typescript/lib/node_modules/typescript/lib/lib.es2015.collection.d.ts","/home/niamh/.emacs.d/.local/etc/lsp/npm/typescript/lib/node_modules/typescript/lib/lib.es2015.generator.d.ts","/home/niamh/.emacs.d/.local/etc/lsp/npm/typescript/lib/node_modules/typescript/lib/lib.es2015.iterable.d.ts","/home/niamh/.emacs.d/.local/etc/lsp/npm/typescript/lib/node_modules/typescript/lib/lib.es2015.promise.d.ts","/home/niamh/.emacs.d/.local/etc/lsp/npm/typescript/lib/node_modules/typescript/lib/lib.es2015.proxy.d.ts","/home/niamh/.emacs.d/.local/etc/lsp/npm/typescript/lib/node_modules/typescript/lib/lib.es2015.reflect.d.ts","/home/niamh/.emacs.d/.local/etc/lsp/npm/typescript/lib/node_modules/typescript/lib/lib.es2015.symbol.d.ts","/home/niamh/.emacs.d/.local/etc/lsp/npm/typescript/lib/node_modules/typescript/lib/lib.es2015.symbol.wellknown.d.ts","/home/niamh/.emacs.d/.local/etc/lsp/npm/typescript/lib/node_modules/typescript/lib/lib.es2016.array.include.d.ts","/home/niamh/.emacs.d/.local/etc/lsp/npm/typescript/lib/node_modules/typescript/lib/lib.es2016.full.d.ts","/home/niamh/Dev/course-work/158256/learning-js/basic-syntax.js"],"compilerOptions":{"module":1,"target":3,"jsx":1,"allowJs":true,"allowSyntheticDefaultImports":true,"allowNonTsExtensions":true,"noEmitForJsFiles":true,"maxNodeModuleJsDepth":2},"typeAcquisition":{"enable":true,"include":[],"exclude":[]},"unresolvedImports":[],"projectRootPath":"/home/niamh/Dev/course-work/158256/learning-js","kind":"discover"}
[20:56:39.230] Loaded safelist from types map file '/home/niamh/.emacs.d/.local/etc/lsp/npm/typescript/lib/node_modules/typescript/lib/typesMap.json'
[20:56:39.230] Explicitly included types: []
[20:56:39.230] Inferred typings from unresolved imports: []
[20:56:39.230] Result: {"cachedTypingPaths":[],"newTypingNames":[],"filesToWatch":["/home/niamh/Dev/course-work/158256/learning-js/bower_components","/home/niamh/Dev/course-work/158256/learning-js/node_modules"]}
[20:56:39.230] Finished typings discovery: {"cachedTypingPaths":[],"newTypingNames":[],"filesToWatch":["/home/niamh/Dev/course-work/158256/learning-js/bower_components","/home/niamh/Dev/course-work/158256/learning-js/node_modules"]}
[20:56:39.231] DirectoryWatcher:: Added:: WatchInfo: /home/niamh/Dev/course-work/158256/learning-js/bower_components
[20:56:39.231] DirectoryWatcher:: Added:: WatchInfo: /home/niamh/Dev/course-work/158256/learning-js/bower_components 1 undefined Project: /dev/null/inferredProject1* watcher already invoked: false
[20:56:39.232] Elapsed:: 0.8407390005886555ms DirectoryWatcher:: Added:: WatchInfo: /home/niamh/Dev/course-work/158256/learning-js/bower_components 1 undefined Project: /dev/null/inferredProject1* watcher already invoked: false
[20:56:39.232] DirectoryWatcher:: Added:: WatchInfo: /home/niamh/Dev/course-work/158256/learning-js/node_modules
[20:56:39.232] DirectoryWatcher:: Added:: WatchInfo: /home/niamh/Dev/course-work/158256/learning-js/node_modules 1 undefined Project: /dev/null/inferredProject1* watcher already invoked: false
[20:56:39.232] Elapsed:: 0.06827899813652039ms DirectoryWatcher:: Added:: WatchInfo: /home/niamh/Dev/course-work/158256/learning-js/node_modules 1 undefined Project: /dev/null/inferredProject1* watcher already invoked: false
[20:56:39.232] Sending response:
    {"projectName":"/dev/null/inferredProject1*","typeAcquisition":{"enable":true,"include":[],"exclude":[]},"compilerOptions":{"module":1,"target":3,"jsx":1,"allowJs":true,"allowSyntheticDefaultImports":true,"allowNonTsExtensions":true,"noEmitForJsFiles":true,"maxNodeModuleJsDepth":2},"typings":[],"unresolvedImports":[],"kind":"action::set"}
[20:56:39.232] Response has been sent.
[20:56:39.232] No new typings were requested as a result of typings discovery
[20:56:41.434] Got install request {"projectName":"/dev/null/inferredProject2*","fileNames":["/home/niamh/.emacs.d/.local/etc/lsp/npm/typescript/lib/node_modules/typescript/lib/lib.es5.d.ts","/home/niamh/.emacs.d/.local/etc/lsp/npm/typescript/lib/node_modules/typescript/lib/lib.es2015.d.ts","/home/niamh/.emacs.d/.local/etc/lsp/npm/typescript/lib/node_modules/typescript/lib/lib.es2016.d.ts","/home/niamh/.emacs.d/.local/etc/lsp/npm/typescript/lib/node_modules/typescript/lib/lib.dom.d.ts","/home/niamh/.emacs.d/.local/etc/lsp/npm/typescript/lib/node_modules/typescript/lib/lib.dom.iterable.d.ts","/home/niamh/.emacs.d/.local/etc/lsp/npm/typescript/lib/node_modules/typescript/lib/lib.webworker.importscripts.d.ts","/home/niamh/.emacs.d/.local/etc/lsp/npm/typescript/lib/node_modules/typescript/lib/lib.scripthost.d.ts","/home/niamh/.emacs.d/.local/etc/lsp/npm/typescript/lib/node_modules/typescript/lib/lib.es2015.core.d.ts","/home/niamh/.emacs.d/.local/etc/lsp/npm/typescript/lib/node_modules/typescript/lib/lib.es2015.collection.d.ts","/home/niamh/.emacs.d/.local/etc/lsp/npm/typescript/lib/node_modules/typescript/lib/lib.es2015.generator.d.ts","/home/niamh/.emacs.d/.local/etc/lsp/npm/typescript/lib/node_modules/typescript/lib/lib.es2015.iterable.d.ts","/home/niamh/.emacs.d/.local/etc/lsp/npm/typescript/lib/node_modules/typescript/lib/lib.es2015.promise.d.ts","/home/niamh/.emacs.d/.local/etc/lsp/npm/typescript/lib/node_modules/typescript/lib/lib.es2015.proxy.d.ts","/home/niamh/.emacs.d/.local/etc/lsp/npm/typescript/lib/node_modules/typescript/lib/lib.es2015.reflect.d.ts","/home/niamh/.emacs.d/.local/etc/lsp/npm/typescript/lib/node_modules/typescript/lib/lib.es2015.symbol.d.ts","/home/niamh/.emacs.d/.local/etc/lsp/npm/typescript/lib/node_modules/typescript/lib/lib.es2015.symbol.wellknown.d.ts","/home/niamh/.emacs.d/.local/etc/lsp/npm/typescript/lib/node_modules/typescript/lib/lib.es2016.array.include.d.ts","/home/niamh/.emacs.d/.local/etc/lsp/npm/typescript/lib/node_modules/typescript/lib/lib.es2016.full.d.ts","/home/niamh/Dev/course-work/158256/learning-js/the-dom.js"],"compilerOptions":{"module":1,"target":3,"jsx":1,"allowJs":true,"allowSyntheticDefaultImports":true,"allowNonTsExtensions":true,"noEmitForJsFiles":true,"maxNodeModuleJsDepth":2},"typeAcquisition":{"enable":true,"include":[],"exclude":[]},"unresolvedImports":[],"projectRootPath":"/home/niamh/Dev/course-work/158256/learning-js","kind":"discover"}
[20:56:41.434] Explicitly included types: []
[20:56:41.435] Inferred typings from unresolved imports: []
[20:56:41.435] Result: {"cachedTypingPaths":[],"newTypingNames":[],"filesToWatch":["/home/niamh/Dev/course-work/158256/learning-js/bower_components","/home/niamh/Dev/course-work/158256/learning-js/node_modules"]}
[20:56:41.435] Finished typings discovery: {"cachedTypingPaths":[],"newTypingNames":[],"filesToWatch":["/home/niamh/Dev/course-work/158256/learning-js/bower_components","/home/niamh/Dev/course-work/158256/learning-js/node_modules"]}
[20:56:41.435] DirectoryWatcher:: Added:: WatchInfo: /home/niamh/Dev/course-work/158256/learning-js/bower_components
[20:56:41.435] DirectoryWatcher:: Added:: WatchInfo: /home/niamh/Dev/course-work/158256/learning-js/bower_components 1 undefined Project: /dev/null/inferredProject2* watcher already invoked: false
[20:56:41.435] Elapsed:: 0.01574999839067459ms DirectoryWatcher:: Added:: WatchInfo: /home/niamh/Dev/course-work/158256/learning-js/bower_components 1 undefined Project: /dev/null/inferredProject2* watcher already invoked: false
[20:56:41.435] DirectoryWatcher:: Added:: WatchInfo: /home/niamh/Dev/course-work/158256/learning-js/node_modules
[20:56:41.435] DirectoryWatcher:: Added:: WatchInfo: /home/niamh/Dev/course-work/158256/learning-js/node_modules 1 undefined Project: /dev/null/inferredProject2* watcher already invoked: false
[20:56:41.435] Elapsed:: 0.007063001394271851ms DirectoryWatcher:: Added:: WatchInfo: /home/niamh/Dev/course-work/158256/learning-js/node_modules 1 undefined Project: /dev/null/inferredProject2* watcher already invoked: false
[20:56:41.435] Sending response:
    {"projectName":"/dev/null/inferredProject2*","typeAcquisition":{"enable":true,"include":[],"exclude":[]},"compilerOptions":{"module":1,"target":3,"jsx":1,"allowJs":true,"allowSyntheticDefaultImports":true,"allowNonTsExtensions":true,"noEmitForJsFiles":true,"maxNodeModuleJsDepth":2},"typings":[],"unresolvedImports":[],"kind":"action::set"}
[20:56:41.435] Response has been sent.
[20:56:41.435] No new typings were requested as a result of typings discovery
